<?xml version="1.0" encoding="UTF-8"?>
<!-- Generated by org.testng.reporters.JUnitReportReporter -->
<testsuite hostname="BAN-L170615" failures="0" tests="1" name="Browser" time="29.290" errors="0" timestamp="13 Sep 2019 18:50:37 GMT">
  <testcase classname="Browser" name="test" time="29.290"/>
</testsuite> <!-- Browser -->
